<?xml version="1.0" encoding="UTF-8"?>
<coverage generated="1725519982322" clover="3.2.0">
  <project timestamp="1725519982322" name="All files">
    <metrics statements="10" coveredstatements="8" conditionals="3" coveredconditionals="3" methods="4" coveredmethods="2" elements="17" coveredelements="13" complexity="0" loc="10" ncloc="10" packages="1" files="2" classes="2"/>
    <file name="Update.js" path="C:\Users\Emre Sen\Desktop\Modul 323 Aufgabenblatt 6\modul323-counter\src\Update.js">
      <metrics statements="5" coveredstatements="5" conditionals="3" coveredconditionals="3" methods="1" coveredmethods="1"/>
      <line num="4" count="4" type="cond" truecount="3" falsecount="0"/>
      <line num="6" count="2" type="stmt"/>
      <line num="8" count="1" type="stmt"/>
      <line num="10" count="1" type="stmt"/>
      <line num="14" count="1" type="stmt"/>
    </file>
    <file name="View.js" path="C:\Users\Emre Sen\Desktop\Modul 323 Aufgabenblatt 6\modul323-counter\src\View.js">
      <metrics statements="5" coveredstatements="3" conditionals="0" coveredconditionals="0" methods="3" coveredmethods="1"/>
      <line num="3" count="1" type="stmt"/>
      <line num="6" count="4" type="stmt"/>
      <line num="8" count="0" type="stmt"/>
      <line num="9" count="0" type="stmt"/>
      <line num="13" count="1" type="stmt"/>
    </file>
  </project>
</coverage>
